<?xml version="1.0" encoding="UTF-8"?>
<coverage generated="1515930713017" clover="3.2.0">
  <project timestamp="1515930713017" name="All files">
    <metrics statements="56" coveredstatements="47" conditionals="31" coveredconditionals="25" methods="11" coveredmethods="8" elements="98" coveredelements="80" complexity="0" loc="56" ncloc="56" packages="2" files="3" classes="3">
      <package name="src">
        <metrics statements="20" coveredstatements="12" conditionals="7" coveredconditionals="2" methods="6" coveredmethods="3"/>
        <file name="NiceInputPassword.jsx" path="/home/renan/renan/react-nice-input-password/src/NiceInputPassword.jsx">
          <metrics statements="20" coveredstatements="12" conditionals="7" coveredconditionals="2" methods="6" coveredmethods="3"/>
          <line num="8" count="1" type="stmt"/>
          <line num="32" count="1" type="stmt"/>
          <line num="47" count="1" type="stmt"/>
          <line num="48" count="1" type="stmt"/>
          <line num="51" count="1" type="stmt"/>
          <line num="52" count="1" type="stmt"/>
          <line num="56" count="1" type="stmt"/>
          <line num="57" count="0" type="stmt"/>
          <line num="58" count="0" type="cond" truecount="0" falsecount="2"/>
          <line num="59" count="0" type="stmt"/>
          <line num="61" count="0" type="stmt"/>
          <line num="64" count="0" type="stmt"/>
          <line num="70" count="1" type="stmt"/>
          <line num="74" count="0" type="stmt"/>
          <line num="75" count="0" type="stmt"/>
          <line num="80" count="0" type="stmt"/>
          <line num="98" count="1" type="stmt"/>
          <line num="99" count="1" type="stmt"/>
          <line num="123" count="1" type="stmt"/>
          <line num="124" count="1" type="stmt"/>
        </file>
      </package>
      <package name="src.components">
        <metrics statements="36" coveredstatements="35" conditionals="24" coveredconditionals="23" methods="5" coveredmethods="5"/>
        <file name="InputLabel.jsx" path="/home/renan/renan/react-nice-input-password/src/components/InputLabel.jsx">
          <metrics statements="6" coveredstatements="6" conditionals="0" coveredconditionals="0" methods="1" coveredmethods="1"/>
          <line num="4" count="2" type="stmt"/>
          <line num="15" count="2" type="stmt"/>
          <line num="20" count="2" type="stmt"/>
          <line num="27" count="4" type="stmt"/>
          <line num="40" count="2" type="stmt"/>
          <line num="41" count="2" type="stmt"/>
        </file>
        <file name="Levels.jsx" path="/home/renan/renan/react-nice-input-password/src/components/Levels.jsx">
          <metrics statements="30" coveredstatements="29" conditionals="24" coveredconditionals="23" methods="4" coveredmethods="4"/>
          <line num="4" count="2" type="stmt"/>
          <line num="20" count="2" type="stmt"/>
          <line num="30" count="2" type="stmt"/>
          <line num="39" count="6" type="cond" truecount="3" falsecount="1"/>
          <line num="40" count="0" type="stmt"/>
          <line num="44" count="6" type="stmt"/>
          <line num="45" count="24" type="stmt"/>
          <line num="46" count="24" type="stmt"/>
          <line num="47" count="96" type="stmt"/>
          <line num="49" count="24" type="cond" truecount="2" falsecount="0"/>
          <line num="50" count="16" type="cond" truecount="4" falsecount="0"/>
          <line num="52" count="4" type="stmt"/>
          <line num="53" count="4" type="stmt"/>
          <line num="56" count="1" type="stmt"/>
          <line num="57" count="1" type="stmt"/>
          <line num="60" count="5" type="stmt"/>
          <line num="61" count="5" type="stmt"/>
          <line num="64" count="6" type="stmt"/>
          <line num="65" count="6" type="stmt"/>
          <line num="69" count="24" type="stmt"/>
          <line num="73" count="6" type="stmt"/>
          <line num="74" count="24" type="stmt"/>
          <line num="76" count="24" type="cond" truecount="4" falsecount="0"/>
          <line num="77" count="10" type="stmt"/>
          <line num="78" count="14" type="cond" truecount="4" falsecount="0"/>
          <line num="79" count="6" type="stmt"/>
          <line num="82" count="24" type="stmt"/>
          <line num="89" count="6" type="stmt"/>
          <line num="102" count="2" type="stmt"/>
          <line num="103" count="2" type="stmt"/>
        </file>
      </package>
    </metrics>
  </project>
</coverage>
