{"/home/renan/renan/react-nice-input-password/src/NiceInputPassword.jsx": {"path":"/home/renan/renan/react-nice-input-password/src/NiceInputPassword.jsx","statementMap":{"0":{"start":{"line":8,"column":18},"end":{"line":30,"column":1}},"1":{"start":{"line":32,"column":21},"end":{"line":43,"column":1}},"2":{"start":{"line":47,"column":4},"end":{"line":47,"column":17}},"3":{"start":{"line":48,"column":4},"end":{"line":50,"column":6}},"4":{"start":{"line":51,"column":4},"end":{"line":51,"column":53}},"5":{"start":{"line":52,"column":4},"end":{"line":52,"column":81}},"6":{"start":{"line":56,"column":19},"end":{"line":68,"column":6}},"7":{"start":{"line":57,"column":20},"end":{"line":57,"column":25}},"8":{"start":{"line":58,"column":6},"end":{"line":62,"column":7}},"9":{"start":{"line":59,"column":8},"end":{"line":59,"column":49}},"10":{"start":{"line":61,"column":8},"end":{"line":61,"column":54}},"11":{"start":{"line":64,"column":6},"end":{"line":67,"column":8}},"12":{"start":{"line":70,"column":4},"end":{"line":70,"column":18}},"13":{"start":{"line":74,"column":23},"end":{"line":74,"column":28}},"14":{"start":{"line":75,"column":4},"end":{"line":78,"column":7}},"15":{"start":{"line":80,"column":4},"end":{"line":82,"column":7}},"16":{"start":{"line":98,"column":8},"end":{"line":98,"column":18}},"17":{"start":{"line":99,"column":4},"end":{"line":119,"column":6}},"18":{"start":{"line":123,"column":0},"end":{"line":123,"column":40}},"19":{"start":{"line":124,"column":0},"end":{"line":124,"column":46}}},"fnMap":{"0":{"name":"(anonymous_0)","decl":{"start":{"line":42,"column":12},"end":{"line":42,"column":13}},"loc":{"start":{"line":42,"column":18},"end":{"line":42,"column":20}},"line":42},"1":{"name":"(anonymous_1)","decl":{"start":{"line":46,"column":2},"end":{"line":46,"column":3}},"loc":{"start":{"line":46,"column":21},"end":{"line":53,"column":3}},"line":46},"2":{"name":"(anonymous_2)","decl":{"start":{"line":55,"column":2},"end":{"line":55,"column":3}},"loc":{"start":{"line":55,"column":36},"end":{"line":71,"column":3}},"line":55},"3":{"name":"(anonymous_3)","decl":{"start":{"line":56,"column":49},"end":{"line":56,"column":50}},"loc":{"start":{"line":56,"column":68},"end":{"line":68,"column":5}},"line":56},"4":{"name":"(anonymous_4)","decl":{"start":{"line":73,"column":2},"end":{"line":73,"column":3}},"loc":{"start":{"line":73,"column":22},"end":{"line":83,"column":3}},"line":73},"5":{"name":"(anonymous_5)","decl":{"start":{"line":85,"column":2},"end":{"line":85,"column":3}},"loc":{"start":{"line":85,"column":11},"end":{"line":120,"column":3}},"line":85}},"branchMap":{"0":{"loc":{"start":{"line":58,"column":6},"end":{"line":62,"column":7}},"type":"if","locations":[{"start":{"line":58,"column":6},"end":{"line":62,"column":7}},{"start":{"line":58,"column":6},"end":{"line":62,"column":7}}],"line":58},"1":{"loc":{"start":{"line":107,"column":9},"end":{"line":117,"column":16}},"type":"cond-expr","locations":[{"start":{"line":108,"column":10},"end":{"line":116,"column":12}},{"start":{"line":117,"column":12},"end":{"line":117,"column":16}}],"line":107},"2":{"loc":{"start":{"line":107,"column":9},"end":{"line":107,"column":76}},"type":"binary-expr","locations":[{"start":{"line":107,"column":9},"end":{"line":107,"column":29}},{"start":{"line":107,"column":33},"end":{"line":107,"column":47}},{"start":{"line":107,"column":51},"end":{"line":107,"column":76}}],"line":107}},"s":{"0":1,"1":1,"2":1,"3":1,"4":1,"5":1,"6":1,"7":0,"8":0,"9":0,"10":0,"11":0,"12":1,"13":0,"14":0,"15":0,"16":1,"17":1,"18":1,"19":1},"f":{"0":0,"1":1,"2":1,"3":0,"4":0,"5":1},"b":{"0":[0,0],"1":[0,1],"2":[1,0,0]},"_coverageSchema":"332fd63041d2c1bcb487cc26dd0d5f7d97098a6c","hash":"a712ba6229e1c342eaa45486a517a75db73ad2cc"}
,"/home/renan/renan/react-nice-input-password/src/components/InputLabel.jsx": {"path":"/home/renan/renan/react-nice-input-password/src/components/InputLabel.jsx","statementMap":{"0":{"start":{"line":4,"column":18},"end":{"line":13,"column":1}},"1":{"start":{"line":15,"column":21},"end":{"line":18,"column":1}},"2":{"start":{"line":20,"column":19},"end":{"line":38,"column":1}},"3":{"start":{"line":27,"column":2},"end":{"line":37,"column":10}},"4":{"start":{"line":40,"column":0},"end":{"line":40,"column":33}},"5":{"start":{"line":41,"column":0},"end":{"line":41,"column":39}}},"fnMap":{"0":{"name":"(anonymous_0)","decl":{"start":{"line":20,"column":19},"end":{"line":20,"column":20}},"loc":{"start":{"line":27,"column":2},"end":{"line":37,"column":10}},"line":27}},"branchMap":{},"s":{"0":2,"1":2,"2":2,"3":4,"4":2,"5":2},"f":{"0":4},"b":{},"_coverageSchema":"332fd63041d2c1bcb487cc26dd0d5f7d97098a6c","hash":"c0364a02284a341feb416b7dcd6d5540896ad147"}
,"/home/renan/renan/react-nice-input-password/src/components/Levels.jsx": {"path":"/home/renan/renan/react-nice-input-password/src/components/Levels.jsx","statementMap":{"0":{"start":{"line":4,"column":18},"end":{"line":18,"column":1}},"1":{"start":{"line":20,"column":21},"end":{"line":28,"column":1}},"2":{"start":{"line":30,"column":15},"end":{"line":100,"column":1}},"3":{"start":{"line":39,"column":2},"end":{"line":41,"column":3}},"4":{"start":{"line":40,"column":4},"end":{"line":40,"column":16}},"5":{"start":{"line":44,"column":4},"end":{"line":70,"column":6}},"6":{"start":{"line":45,"column":26},"end":{"line":45,"column":28}},"7":{"start":{"line":46,"column":27},"end":{"line":46,"column":48}},"8":{"start":{"line":47,"column":32},"end":{"line":47,"column":84}},"9":{"start":{"line":47,"column":63},"end":{"line":47,"column":76}},"10":{"start":{"line":49,"column":6},"end":{"line":67,"column":7}},"11":{"start":{"line":50,"column":8},"end":{"line":66,"column":9}},"12":{"start":{"line":52,"column":10},"end":{"line":52,"column":43}},"13":{"start":{"line":53,"column":10},"end":{"line":53,"column":16}},"14":{"start":{"line":56,"column":10},"end":{"line":56,"column":42}},"15":{"start":{"line":57,"column":10},"end":{"line":57,"column":16}},"16":{"start":{"line":60,"column":10},"end":{"line":60,"column":43}},"17":{"start":{"line":61,"column":10},"end":{"line":61,"column":16}},"18":{"start":{"line":64,"column":10},"end":{"line":64,"column":42}},"19":{"start":{"line":65,"column":10},"end":{"line":65,"column":16}},"20":{"start":{"line":69,"column":6},"end":{"line":69,"column":95}},"21":{"start":{"line":73,"column":4},"end":{"line":87,"column":6}},"22":{"start":{"line":74,"column":26},"end":{"line":74,"column":28}},"23":{"start":{"line":76,"column":6},"end":{"line":80,"column":7}},"24":{"start":{"line":77,"column":8},"end":{"line":77,"column":41}},"25":{"start":{"line":78,"column":13},"end":{"line":80,"column":7}},"26":{"start":{"line":79,"column":8},"end":{"line":79,"column":40}},"27":{"start":{"line":82,"column":6},"end":{"line":86,"column":8}},"28":{"start":{"line":89,"column":2},"end":{"line":99,"column":4}},"29":{"start":{"line":102,"column":0},"end":{"line":102,"column":29}},"30":{"start":{"line":103,"column":0},"end":{"line":103,"column":35}}},"fnMap":{"0":{"name":"(anonymous_0)","decl":{"start":{"line":30,"column":15},"end":{"line":30,"column":16}},"loc":{"start":{"line":38,"column":6},"end":{"line":100,"column":1}},"line":38},"1":{"name":"(anonymous_1)","decl":{"start":{"line":44,"column":23},"end":{"line":44,"column":24}},"loc":{"start":{"line":44,"column":40},"end":{"line":70,"column":5}},"line":44},"2":{"name":"(anonymous_2)","decl":{"start":{"line":47,"column":54},"end":{"line":47,"column":55}},"loc":{"start":{"line":47,"column":63},"end":{"line":47,"column":76}},"line":47},"3":{"name":"(anonymous_3)","decl":{"start":{"line":73,"column":23},"end":{"line":73,"column":24}},"loc":{"start":{"line":73,"column":33},"end":{"line":87,"column":5}},"line":73}},"branchMap":{"0":{"loc":{"start":{"line":39,"column":2},"end":{"line":41,"column":3}},"type":"if","locations":[{"start":{"line":39,"column":2},"end":{"line":41,"column":3}},{"start":{"line":39,"column":2},"end":{"line":41,"column":3}}],"line":39},"1":{"loc":{"start":{"line":39,"column":6},"end":{"line":39,"column":52}},"type":"binary-expr","locations":[{"start":{"line":39,"column":6},"end":{"line":39,"column":21}},{"start":{"line":39,"column":25},"end":{"line":39,"column":52}}],"line":39},"2":{"loc":{"start":{"line":49,"column":6},"end":{"line":67,"column":7}},"type":"if","locations":[{"start":{"line":49,"column":6},"end":{"line":67,"column":7}},{"start":{"line":49,"column":6},"end":{"line":67,"column":7}}],"line":49},"3":{"loc":{"start":{"line":50,"column":8},"end":{"line":66,"column":9}},"type":"switch","locations":[{"start":{"line":51,"column":8},"end":{"line":53,"column":16}},{"start":{"line":55,"column":8},"end":{"line":57,"column":16}},{"start":{"line":59,"column":8},"end":{"line":61,"column":16}},{"start":{"line":63,"column":8},"end":{"line":65,"column":16}}],"line":50},"4":{"loc":{"start":{"line":55,"column":13},"end":{"line":55,"column":51}},"type":"binary-expr","locations":[{"start":{"line":55,"column":13},"end":{"line":55,"column":36}},{"start":{"line":55,"column":40},"end":{"line":55,"column":51}}],"line":55},"5":{"loc":{"start":{"line":59,"column":13},"end":{"line":59,"column":63}},"type":"binary-expr","locations":[{"start":{"line":59,"column":13},"end":{"line":59,"column":34}},{"start":{"line":59,"column":38},"end":{"line":59,"column":63}}],"line":59},"6":{"loc":{"start":{"line":76,"column":6},"end":{"line":80,"column":7}},"type":"if","locations":[{"start":{"line":76,"column":6},"end":{"line":80,"column":7}},{"start":{"line":76,"column":6},"end":{"line":80,"column":7}}],"line":76},"7":{"loc":{"start":{"line":76,"column":10},"end":{"line":76,"column":38}},"type":"binary-expr","locations":[{"start":{"line":76,"column":10},"end":{"line":76,"column":22}},{"start":{"line":76,"column":26},"end":{"line":76,"column":38}}],"line":76},"8":{"loc":{"start":{"line":78,"column":13},"end":{"line":80,"column":7}},"type":"if","locations":[{"start":{"line":78,"column":13},"end":{"line":80,"column":7}},{"start":{"line":78,"column":13},"end":{"line":80,"column":7}}],"line":78},"9":{"loc":{"start":{"line":78,"column":17},"end":{"line":78,"column":46}},"type":"binary-expr","locations":[{"start":{"line":78,"column":17},"end":{"line":78,"column":30}},{"start":{"line":78,"column":34},"end":{"line":78,"column":46}}],"line":78},"10":{"loc":{"start":{"line":94,"column":7},"end":{"line":97,"column":20}},"type":"cond-expr","locations":[{"start":{"line":95,"column":8},"end":{"line":97,"column":13}},{"start":{"line":97,"column":16},"end":{"line":97,"column":20}}],"line":94}},"s":{"0":2,"1":2,"2":2,"3":6,"4":0,"5":6,"6":24,"7":24,"8":24,"9":96,"10":24,"11":16,"12":4,"13":4,"14":1,"15":1,"16":5,"17":5,"18":6,"19":6,"20":24,"21":6,"22":24,"23":24,"24":10,"25":14,"26":6,"27":24,"28":6,"29":2,"30":2},"f":{"0":6,"1":24,"2":96,"3":24},"b":{"0":[0,6],"1":[6,6],"2":[16,8],"3":[4,1,5,6],"4":[12,4],"5":[11,8],"6":[10,14],"7":[24,18],"8":[6,8],"9":[14,6],"10":[5,1]},"_coverageSchema":"332fd63041d2c1bcb487cc26dd0d5f7d97098a6c","hash":"5d6a01f884b7b84e5ad83561f959a0e2280d1e61"}
}
