TN:
SF:/home/renan/renan/react-nice-input-password/src/NiceInputPassword.jsx
FN:42,(anonymous_0)
FN:46,(anonymous_1)
FN:55,(anonymous_2)
FN:56,(anonymous_3)
FN:73,(anonymous_4)
FN:85,(anonymous_5)
FNF:6
FNH:3
FNDA:0,(anonymous_0)
FNDA:1,(anonymous_1)
FNDA:1,(anonymous_2)
FNDA:0,(anonymous_3)
FNDA:0,(anonymous_4)
FNDA:1,(anonymous_5)
DA:8,1
DA:32,1
DA:47,1
DA:48,1
DA:51,1
DA:52,1
DA:56,1
DA:57,0
DA:58,0
DA:59,0
DA:61,0
DA:64,0
DA:70,1
DA:74,0
DA:75,0
DA:80,0
DA:98,1
DA:99,1
DA:123,1
DA:124,1
LF:20
LH:12
BRDA:58,0,0,0
BRDA:58,0,1,0
BRDA:107,1,0,0
BRDA:107,1,1,1
BRDA:107,2,0,1
BRDA:107,2,1,0
BRDA:107,2,2,0
BRF:7
BRH:2
end_of_record
TN:
SF:/home/renan/renan/react-nice-input-password/src/components/InputLabel.jsx
FN:20,(anonymous_0)
FNF:1
FNH:1
FNDA:4,(anonymous_0)
DA:4,2
DA:15,2
DA:20,2
DA:27,4
DA:40,2
DA:41,2
LF:6
LH:6
BRF:0
BRH:0
end_of_record
TN:
SF:/home/renan/renan/react-nice-input-password/src/components/Levels.jsx
FN:30,(anonymous_0)
FN:44,(anonymous_1)
FN:47,(anonymous_2)
FN:73,(anonymous_3)
FNF:4
FNH:4
FNDA:6,(anonymous_0)
FNDA:24,(anonymous_1)
FNDA:96,(anonymous_2)
FNDA:24,(anonymous_3)
DA:4,2
DA:20,2
DA:30,2
DA:39,6
DA:40,0
DA:44,6
DA:45,24
DA:46,24
DA:47,96
DA:49,24
DA:50,16
DA:52,4
DA:53,4
DA:56,1
DA:57,1
DA:60,5
DA:61,5
DA:64,6
DA:65,6
DA:69,24
DA:73,6
DA:74,24
DA:76,24
DA:77,10
DA:78,14
DA:79,6
DA:82,24
DA:89,6
DA:102,2
DA:103,2
LF:30
LH:29
BRDA:39,0,0,0
BRDA:39,0,1,6
BRDA:39,1,0,6
BRDA:39,1,1,6
BRDA:49,2,0,16
BRDA:49,2,1,8
BRDA:50,3,0,4
BRDA:50,3,1,1
BRDA:50,3,2,5
BRDA:50,3,3,6
BRDA:55,4,0,12
BRDA:55,4,1,4
BRDA:59,5,0,11
BRDA:59,5,1,8
BRDA:76,6,0,10
BRDA:76,6,1,14
BRDA:76,7,0,24
BRDA:76,7,1,18
BRDA:78,8,0,6
BRDA:78,8,1,8
BRDA:78,9,0,14
BRDA:78,9,1,6
BRDA:94,10,0,5
BRDA:94,10,1,1
BRF:24
BRH:23
end_of_record
